2025-06-13 19:13:10,987 - INFO - Request URL: 'https://likithasusi.documents.azure.com:443/'
Request method: 'GET'
Request headers:
    'Cache-Control': 'no-cache'
    'x-ms-version': 'REDACTED'
    'x-ms-documentdb-query-iscontinuationexpected': 'REDACTED'
    'x-ms-date': 'REDACTED'
    'authorization': 'REDACTED'
    'Accept': 'application/json'
    'Content-Length': '0'
    'User-Agent': 'azsdk-python-cosmos/4.9.0 Python/3.12.4 (Windows-11-10.0.22631-SP0)'
No body was attached to the request
2025-06-13 19:13:12,451 - INFO - Response status: 200
Response headers:
    'Cache-Control': 'no-store, no-cache'
    'Pragma': 'no-cache'
    'Transfer-Encoding': 'chunked'
    'Content-Type': 'application/json'
    'Content-Location': 'REDACTED'
    'Server': 'Microsoft-HTTPAPI/2.0'
    'x-ms-max-media-storage-usage-mb': 'REDACTED'
    'x-ms-media-storage-usage-mb': 'REDACTED'
    'x-ms-databaseaccount-consumed-mb': 'REDACTED'
    'x-ms-databaseaccount-reserved-mb': 'REDACTED'
    'x-ms-databaseaccount-provisioned-mb': 'REDACTED'
    'Strict-Transport-Security': 'REDACTED'
    'x-ms-gatewayversion': 'REDACTED'
    'Date': 'Fri, 13 Jun 2025 13:43:13 GMT'
2025-06-13 19:13:44,435 - INFO - Request URL: 'https://likithasusi-southcentralus.documents.azure.com:443/dbs/cosmos_db/colls/users/docs/'
Request method: 'POST'
Request headers:
    'Cache-Control': 'no-cache'
    'x-ms-version': 'REDACTED'
    'x-ms-documentdb-query-iscontinuationexpected': 'REDACTED'
    'x-ms-consistency-level': 'REDACTED'
    'x-ms-documentdb-isquery': 'REDACTED'
    'Content-Type': 'application/query+json'
    'x-ms-session-token': 'REDACTED'
    'x-ms-documentdb-query-enablecrosspartition': 'REDACTED'
    'x-ms-date': 'REDACTED'
    'authorization': 'REDACTED'
    'Accept': 'application/json'
    'x-ms-cosmos-correlated-activityid': 'REDACTED'
    'Content-Length': '135'
    'User-Agent': 'azsdk-python-cosmos/4.9.0 Python/3.12.4 (Windows-11-10.0.22631-SP0)'
A body is sent with the request
2025-06-13 19:13:45,579 - INFO - Response status: 200
Response headers:
    'Cache-Control': 'no-store, no-cache'
    'Pragma': 'no-cache'
    'Transfer-Encoding': 'chunked'
    'Content-Type': 'application/json'
    'Server': 'Microsoft-HTTPAPI/2.0'
    'Strict-Transport-Security': 'REDACTED'
    'x-ms-activity-id': 'REDACTED'
    'x-ms-last-state-change-utc': 'REDACTED'
    'x-ms-resource-quota': 'REDACTED'
    'x-ms-resource-usage': 'REDACTED'
    'x-ms-schemaversion': 'REDACTED'
    'lsn': 'REDACTED'
    'x-ms-item-count': 'REDACTED'
    'x-ms-request-charge': 'REDACTED'
    'x-ms-alt-content-path': 'REDACTED'
    'x-ms-content-path': 'REDACTED'
    'x-ms-quorum-acked-lsn': 'REDACTED'
    'x-ms-current-write-quorum': 'REDACTED'
    'x-ms-current-replica-set-size': 'REDACTED'
    'x-ms-documentdb-partitionkeyrangeid': 'REDACTED'
    'x-ms-xp-role': 'REDACTED'
    'x-ms-cosmos-query-execution-info': 'REDACTED'
    'x-ms-global-Committed-lsn': 'REDACTED'
    'x-ms-number-of-read-regions': 'REDACTED'
    'x-ms-transport-request-id': 'REDACTED'
    'x-ms-cosmos-llsn': 'REDACTED'
    'x-ms-cosmos-quorum-acked-llsn': 'REDACTED'
    'x-ms-session-token': 'REDACTED'
    'x-ms-request-duration-ms': 'REDACTED'
    'x-ms-serviceversion': 'REDACTED'
    'x-ms-cosmos-is-partition-key-delete-pending': 'REDACTED'
    'x-ms-cosmos-physical-partition-id': 'REDACTED'
    'x-ms-cosmos-internal-partition-id': 'REDACTED'
    'x-ms-gatewayversion': 'REDACTED'
    'Date': 'Fri, 13 Jun 2025 13:43:46 GMT'
2025-06-13 19:13:45,587 - INFO - Request URL: 'https://virtualassistancestore.blob.core.windows.net/user1?restype=REDACTED&comp=REDACTED'
Request method: 'GET'
Request headers:
    'x-ms-version': 'REDACTED'
    'Accept': 'application/xml'
    'User-Agent': 'azsdk-python-storage-blob/12.25.1 Python/3.12.4 (Windows-11-10.0.22631-SP0)'
    'x-ms-date': 'REDACTED'
    'x-ms-client-request-id': '6d445c45-485c-11f0-a315-7c8ae19cb992'
    'Authorization': 'REDACTED'
No body was attached to the request
2025-06-13 19:13:47,028 - INFO - Response status: 200
Response headers:
    'Transfer-Encoding': 'chunked'
    'Content-Type': 'application/xml'
    'Server': 'Windows-Azure-Blob/1.0 Microsoft-HTTPAPI/2.0'
    'x-ms-request-id': '6a9631e5-701e-0078-5a69-dc29d6000000'
    'x-ms-client-request-id': '6d445c45-485c-11f0-a315-7c8ae19cb992'
    'x-ms-version': 'REDACTED'
    'Date': 'Fri, 13 Jun 2025 13:43:47 GMT'
2025-06-13 19:16:07,821 - INFO - Request URL: 'https://likithasusi-southcentralus.documents.azure.com:443/dbs/cosmos_db/colls/users/docs/'
Request method: 'POST'
Request headers:
    'Cache-Control': 'no-cache'
    'x-ms-version': 'REDACTED'
    'x-ms-documentdb-query-iscontinuationexpected': 'REDACTED'
    'x-ms-consistency-level': 'REDACTED'
    'x-ms-documentdb-isquery': 'REDACTED'
    'Content-Type': 'application/query+json'
    'x-ms-session-token': 'REDACTED'
    'x-ms-documentdb-query-enablecrosspartition': 'REDACTED'
    'x-ms-date': 'REDACTED'
    'authorization': 'REDACTED'
    'Accept': 'application/json'
    'x-ms-cosmos-correlated-activityid': 'REDACTED'
    'Content-Length': '136'
    'User-Agent': 'azsdk-python-cosmos/4.9.0 Python/3.12.4 (Windows-11-10.0.22631-SP0)'
A body is sent with the request
2025-06-13 19:16:10,242 - INFO - Response status: 200
Response headers:
    'Cache-Control': 'no-store, no-cache'
    'Pragma': 'no-cache'
    'Transfer-Encoding': 'chunked'
    'Content-Type': 'application/json'
    'Server': 'Microsoft-HTTPAPI/2.0'
    'Strict-Transport-Security': 'REDACTED'
    'x-ms-activity-id': 'REDACTED'
    'x-ms-last-state-change-utc': 'REDACTED'
    'x-ms-resource-quota': 'REDACTED'
    'x-ms-resource-usage': 'REDACTED'
    'x-ms-schemaversion': 'REDACTED'
    'lsn': 'REDACTED'
    'x-ms-item-count': 'REDACTED'
    'x-ms-request-charge': 'REDACTED'
    'x-ms-alt-content-path': 'REDACTED'
    'x-ms-content-path': 'REDACTED'
    'x-ms-documentdb-partitionkeyrangeid': 'REDACTED'
    'x-ms-xp-role': 'REDACTED'
    'x-ms-cosmos-query-execution-info': 'REDACTED'
    'x-ms-global-Committed-lsn': 'REDACTED'
    'x-ms-number-of-read-regions': 'REDACTED'
    'x-ms-transport-request-id': 'REDACTED'
    'x-ms-cosmos-llsn': 'REDACTED'
    'x-ms-session-token': 'REDACTED'
    'x-ms-request-duration-ms': 'REDACTED'
    'x-ms-serviceversion': 'REDACTED'
    'x-ms-cosmos-is-partition-key-delete-pending': 'REDACTED'
    'x-ms-cosmos-physical-partition-id': 'REDACTED'
    'x-ms-cosmos-internal-partition-id': 'REDACTED'
    'x-ms-gatewayversion': 'REDACTED'
    'Date': 'Fri, 13 Jun 2025 13:46:10 GMT'
2025-06-13 19:16:10,254 - INFO - Request URL: 'https://virtualassistancestore.blob.core.windows.net/user3?restype=REDACTED&comp=REDACTED'
Request method: 'GET'
Request headers:
    'x-ms-version': 'REDACTED'
    'Accept': 'application/xml'
    'User-Agent': 'azsdk-python-storage-blob/12.25.1 Python/3.12.4 (Windows-11-10.0.22631-SP0)'
    'x-ms-date': 'REDACTED'
    'x-ms-client-request-id': 'c37ece48-485c-11f0-9e11-7c8ae19cb992'
    'Authorization': 'REDACTED'
No body was attached to the request
2025-06-13 19:16:10,811 - INFO - Response status: 200
Response headers:
    'Transfer-Encoding': 'chunked'
    'Content-Type': 'application/xml'
    'Server': 'Windows-Azure-Blob/1.0 Microsoft-HTTPAPI/2.0'
    'x-ms-request-id': '6a978f34-701e-0078-6569-dc29d6000000'
    'x-ms-client-request-id': 'c37ece48-485c-11f0-9e11-7c8ae19cb992'
    'x-ms-version': 'REDACTED'
    'Date': 'Fri, 13 Jun 2025 13:46:11 GMT'
2025-06-14 09:43:33,197 - INFO - Request URL: 'https://likithasusi.documents.azure.com:443/'
Request method: 'GET'
Request headers:
    'Cache-Control': 'no-cache'
    'x-ms-version': 'REDACTED'
    'x-ms-documentdb-query-iscontinuationexpected': 'REDACTED'
    'x-ms-date': 'REDACTED'
    'authorization': 'REDACTED'
    'Accept': 'application/json'
    'Content-Length': '0'
    'User-Agent': 'azsdk-python-cosmos/4.9.0 Python/3.12.4 (Windows-11-10.0.22631-SP0)'
No body was attached to the request
2025-06-14 09:43:34,270 - INFO - Response status: 200
Response headers:
    'Cache-Control': 'no-store, no-cache'
    'Pragma': 'no-cache'
    'Transfer-Encoding': 'chunked'
    'Content-Type': 'application/json'
    'Content-Location': 'REDACTED'
    'Server': 'Microsoft-HTTPAPI/2.0'
    'x-ms-max-media-storage-usage-mb': 'REDACTED'
    'x-ms-media-storage-usage-mb': 'REDACTED'
    'x-ms-databaseaccount-consumed-mb': 'REDACTED'
    'x-ms-databaseaccount-reserved-mb': 'REDACTED'
    'x-ms-databaseaccount-provisioned-mb': 'REDACTED'
    'Strict-Transport-Security': 'REDACTED'
    'x-ms-gatewayversion': 'REDACTED'
    'Date': 'Sat, 14 Jun 2025 04:13:34 GMT'
2025-06-14 09:44:00,469 - INFO - Request URL: 'https://likithasusi-southcentralus.documents.azure.com:443/dbs/cosmos_db/colls/users/docs/'
Request method: 'POST'
Request headers:
    'Cache-Control': 'no-cache'
    'x-ms-version': 'REDACTED'
    'x-ms-documentdb-query-iscontinuationexpected': 'REDACTED'
    'x-ms-consistency-level': 'REDACTED'
    'x-ms-documentdb-isquery': 'REDACTED'
    'Content-Type': 'application/query+json'
    'x-ms-session-token': 'REDACTED'
    'x-ms-documentdb-query-enablecrosspartition': 'REDACTED'
    'x-ms-date': 'REDACTED'
    'authorization': 'REDACTED'
    'Accept': 'application/json'
    'x-ms-cosmos-correlated-activityid': 'REDACTED'
    'Content-Length': '133'
    'User-Agent': 'azsdk-python-cosmos/4.9.0 Python/3.12.4 (Windows-11-10.0.22631-SP0)'
A body is sent with the request
2025-06-14 09:44:01,523 - INFO - Response status: 200
Response headers:
    'Cache-Control': 'no-store, no-cache'
    'Pragma': 'no-cache'
    'Transfer-Encoding': 'chunked'
    'Content-Type': 'application/json'
    'Server': 'Microsoft-HTTPAPI/2.0'
    'Strict-Transport-Security': 'REDACTED'
    'x-ms-activity-id': 'REDACTED'
    'x-ms-last-state-change-utc': 'REDACTED'
    'x-ms-resource-quota': 'REDACTED'
    'x-ms-resource-usage': 'REDACTED'
    'x-ms-schemaversion': 'REDACTED'
    'lsn': 'REDACTED'
    'x-ms-item-count': 'REDACTED'
    'x-ms-request-charge': 'REDACTED'
    'x-ms-alt-content-path': 'REDACTED'
    'x-ms-content-path': 'REDACTED'
    'x-ms-documentdb-partitionkeyrangeid': 'REDACTED'
    'x-ms-xp-role': 'REDACTED'
    'x-ms-cosmos-query-execution-info': 'REDACTED'
    'x-ms-global-Committed-lsn': 'REDACTED'
    'x-ms-number-of-read-regions': 'REDACTED'
    'x-ms-transport-request-id': 'REDACTED'
    'x-ms-cosmos-llsn': 'REDACTED'
    'x-ms-session-token': 'REDACTED'
    'x-ms-request-duration-ms': 'REDACTED'
    'x-ms-serviceversion': 'REDACTED'
    'x-ms-cosmos-is-partition-key-delete-pending': 'REDACTED'
    'x-ms-cosmos-physical-partition-id': 'REDACTED'
    'x-ms-cosmos-internal-partition-id': 'REDACTED'
    'x-ms-gatewayversion': 'REDACTED'
    'Date': 'Sat, 14 Jun 2025 04:14:01 GMT'
2025-06-14 09:44:16,506 - INFO - Request URL: 'https://likithasusi-southcentralus.documents.azure.com:443/dbs/cosmos_db/colls/users/docs/'
Request method: 'POST'
Request headers:
    'Cache-Control': 'no-cache'
    'x-ms-version': 'REDACTED'
    'x-ms-documentdb-query-iscontinuationexpected': 'REDACTED'
    'x-ms-consistency-level': 'REDACTED'
    'x-ms-documentdb-isquery': 'REDACTED'
    'Content-Type': 'application/query+json'
    'x-ms-session-token': 'REDACTED'
    'x-ms-documentdb-query-enablecrosspartition': 'REDACTED'
    'x-ms-date': 'REDACTED'
    'authorization': 'REDACTED'
    'Accept': 'application/json'
    'x-ms-cosmos-correlated-activityid': 'REDACTED'
    'Content-Length': '133'
    'User-Agent': 'azsdk-python-cosmos/4.9.0 Python/3.12.4 (Windows-11-10.0.22631-SP0)'
A body is sent with the request
2025-06-14 09:44:16,781 - INFO - Response status: 200
Response headers:
    'Cache-Control': 'no-store, no-cache'
    'Pragma': 'no-cache'
    'Transfer-Encoding': 'chunked'
    'Content-Type': 'application/json'
    'Server': 'Microsoft-HTTPAPI/2.0'
    'Strict-Transport-Security': 'REDACTED'
    'x-ms-activity-id': 'REDACTED'
    'x-ms-last-state-change-utc': 'REDACTED'
    'x-ms-resource-quota': 'REDACTED'
    'x-ms-resource-usage': 'REDACTED'
    'x-ms-schemaversion': 'REDACTED'
    'lsn': 'REDACTED'
    'x-ms-item-count': 'REDACTED'
    'x-ms-request-charge': 'REDACTED'
    'x-ms-alt-content-path': 'REDACTED'
    'x-ms-content-path': 'REDACTED'
    'x-ms-documentdb-partitionkeyrangeid': 'REDACTED'
    'x-ms-xp-role': 'REDACTED'
    'x-ms-cosmos-query-execution-info': 'REDACTED'
    'x-ms-global-Committed-lsn': 'REDACTED'
    'x-ms-number-of-read-regions': 'REDACTED'
    'x-ms-transport-request-id': 'REDACTED'
    'x-ms-cosmos-llsn': 'REDACTED'
    'x-ms-session-token': 'REDACTED'
    'x-ms-request-duration-ms': 'REDACTED'
    'x-ms-serviceversion': 'REDACTED'
    'x-ms-cosmos-is-partition-key-delete-pending': 'REDACTED'
    'x-ms-cosmos-physical-partition-id': 'REDACTED'
    'x-ms-cosmos-internal-partition-id': 'REDACTED'
    'x-ms-gatewayversion': 'REDACTED'
    'Date': 'Sat, 14 Jun 2025 04:14:16 GMT'
2025-06-14 09:46:09,308 - INFO - Request URL: 'https://likithasusi-southcentralus.documents.azure.com:443/dbs/cosmos_db/colls/users/docs/'
Request method: 'POST'
Request headers:
    'Cache-Control': 'no-cache'
    'x-ms-version': 'REDACTED'
    'x-ms-documentdb-query-iscontinuationexpected': 'REDACTED'
    'x-ms-consistency-level': 'REDACTED'
    'x-ms-documentdb-isquery': 'REDACTED'
    'Content-Type': 'application/query+json'
    'x-ms-session-token': 'REDACTED'
    'x-ms-documentdb-query-enablecrosspartition': 'REDACTED'
    'x-ms-date': 'REDACTED'
    'authorization': 'REDACTED'
    'Accept': 'application/json'
    'x-ms-cosmos-correlated-activityid': 'REDACTED'
    'Content-Length': '135'
    'User-Agent': 'azsdk-python-cosmos/4.9.0 Python/3.12.4 (Windows-11-10.0.22631-SP0)'
A body is sent with the request
2025-06-14 09:46:09,579 - INFO - Response status: 200
Response headers:
    'Cache-Control': 'no-store, no-cache'
    'Pragma': 'no-cache'
    'Transfer-Encoding': 'chunked'
    'Content-Type': 'application/json'
    'Server': 'Microsoft-HTTPAPI/2.0'
    'Strict-Transport-Security': 'REDACTED'
    'x-ms-activity-id': 'REDACTED'
    'x-ms-last-state-change-utc': 'REDACTED'
    'x-ms-resource-quota': 'REDACTED'
    'x-ms-resource-usage': 'REDACTED'
    'x-ms-schemaversion': 'REDACTED'
    'lsn': 'REDACTED'
    'x-ms-item-count': 'REDACTED'
    'x-ms-request-charge': 'REDACTED'
    'x-ms-alt-content-path': 'REDACTED'
    'x-ms-content-path': 'REDACTED'
    'x-ms-documentdb-partitionkeyrangeid': 'REDACTED'
    'x-ms-xp-role': 'REDACTED'
    'x-ms-cosmos-query-execution-info': 'REDACTED'
    'x-ms-global-Committed-lsn': 'REDACTED'
    'x-ms-number-of-read-regions': 'REDACTED'
    'x-ms-transport-request-id': 'REDACTED'
    'x-ms-cosmos-llsn': 'REDACTED'
    'x-ms-session-token': 'REDACTED'
    'x-ms-request-duration-ms': 'REDACTED'
    'x-ms-serviceversion': 'REDACTED'
    'x-ms-cosmos-is-partition-key-delete-pending': 'REDACTED'
    'x-ms-cosmos-physical-partition-id': 'REDACTED'
    'x-ms-cosmos-internal-partition-id': 'REDACTED'
    'x-ms-gatewayversion': 'REDACTED'
    'Date': 'Sat, 14 Jun 2025 04:16:09 GMT'
2025-06-14 09:46:09,583 - INFO - Request URL: 'https://virtualassistancestore.blob.core.windows.net/user2?restype=REDACTED&comp=REDACTED'
Request method: 'GET'
Request headers:
    'x-ms-version': 'REDACTED'
    'Accept': 'application/xml'
    'User-Agent': 'azsdk-python-storage-blob/12.25.1 Python/3.12.4 (Windows-11-10.0.22631-SP0)'
    'x-ms-date': 'REDACTED'
    'x-ms-client-request-id': '4cb84d82-48d6-11f0-a5a6-7c8ae19cb992'
    'Authorization': 'REDACTED'
No body was attached to the request
2025-06-14 09:46:10,931 - INFO - Response status: 200
Response headers:
    'Transfer-Encoding': 'chunked'
    'Content-Type': 'application/xml'
    'Server': 'Windows-Azure-Blob/1.0 Microsoft-HTTPAPI/2.0'
    'x-ms-request-id': '46280524-101e-0041-11e3-dcd2ca000000'
    'x-ms-client-request-id': '4cb84d82-48d6-11f0-a5a6-7c8ae19cb992'
    'x-ms-version': 'REDACTED'
    'Date': 'Sat, 14 Jun 2025 04:16:10 GMT'
2025-06-14 09:46:24,626 - INFO - Request URL: 'https://likithasusi-southcentralus.documents.azure.com:443/dbs/cosmos_db/colls/users/docs/'
Request method: 'POST'
Request headers:
    'Cache-Control': 'no-cache'
    'x-ms-version': 'REDACTED'
    'x-ms-documentdb-query-iscontinuationexpected': 'REDACTED'
    'x-ms-consistency-level': 'REDACTED'
    'x-ms-documentdb-isquery': 'REDACTED'
    'Content-Type': 'application/query+json'
    'x-ms-session-token': 'REDACTED'
    'x-ms-documentdb-query-enablecrosspartition': 'REDACTED'
    'x-ms-date': 'REDACTED'
    'authorization': 'REDACTED'
    'Accept': 'application/json'
    'x-ms-cosmos-correlated-activityid': 'REDACTED'
    'Content-Length': '135'
    'User-Agent': 'azsdk-python-cosmos/4.9.0 Python/3.12.4 (Windows-11-10.0.22631-SP0)'
A body is sent with the request
2025-06-14 09:46:24,890 - INFO - Response status: 200
Response headers:
    'Cache-Control': 'no-store, no-cache'
    'Pragma': 'no-cache'
    'Transfer-Encoding': 'chunked'
    'Content-Type': 'application/json'
    'Server': 'Microsoft-HTTPAPI/2.0'
    'Strict-Transport-Security': 'REDACTED'
    'x-ms-activity-id': 'REDACTED'
    'x-ms-last-state-change-utc': 'REDACTED'
    'x-ms-resource-quota': 'REDACTED'
    'x-ms-resource-usage': 'REDACTED'
    'x-ms-schemaversion': 'REDACTED'
    'lsn': 'REDACTED'
    'x-ms-item-count': 'REDACTED'
    'x-ms-request-charge': 'REDACTED'
    'x-ms-alt-content-path': 'REDACTED'
    'x-ms-content-path': 'REDACTED'
    'x-ms-documentdb-partitionkeyrangeid': 'REDACTED'
    'x-ms-xp-role': 'REDACTED'
    'x-ms-cosmos-query-execution-info': 'REDACTED'
    'x-ms-global-Committed-lsn': 'REDACTED'
    'x-ms-number-of-read-regions': 'REDACTED'
    'x-ms-transport-request-id': 'REDACTED'
    'x-ms-cosmos-llsn': 'REDACTED'
    'x-ms-session-token': 'REDACTED'
    'x-ms-request-duration-ms': 'REDACTED'
    'x-ms-serviceversion': 'REDACTED'
    'x-ms-cosmos-is-partition-key-delete-pending': 'REDACTED'
    'x-ms-cosmos-physical-partition-id': 'REDACTED'
    'x-ms-cosmos-internal-partition-id': 'REDACTED'
    'x-ms-gatewayversion': 'REDACTED'
    'Date': 'Sat, 14 Jun 2025 04:16:24 GMT'
2025-06-14 09:46:24,894 - INFO - Request URL: 'https://virtualassistancestore.blob.core.windows.net/user2?restype=REDACTED&comp=REDACTED'
Request method: 'GET'
Request headers:
    'x-ms-version': 'REDACTED'
    'Accept': 'application/xml'
    'User-Agent': 'azsdk-python-storage-blob/12.25.1 Python/3.12.4 (Windows-11-10.0.22631-SP0)'
    'x-ms-date': 'REDACTED'
    'x-ms-client-request-id': '55d8a5d8-48d6-11f0-8f4f-7c8ae19cb992'
    'Authorization': 'REDACTED'
No body was attached to the request
2025-06-14 09:46:25,382 - INFO - Response status: 200
Response headers:
    'Transfer-Encoding': 'chunked'
    'Content-Type': 'application/xml'
    'Server': 'Windows-Azure-Blob/1.0 Microsoft-HTTPAPI/2.0'
    'x-ms-request-id': '46283e01-101e-0041-5be3-dcd2ca000000'
    'x-ms-client-request-id': '55d8a5d8-48d6-11f0-8f4f-7c8ae19cb992'
    'x-ms-version': 'REDACTED'
    'Date': 'Sat, 14 Jun 2025 04:16:24 GMT'
2025-06-14 09:57:46,136 - INFO - Request URL: 'https://likithasusi.documents.azure.com:443/'
Request method: 'GET'
Request headers:
    'Cache-Control': 'no-cache'
    'x-ms-version': 'REDACTED'
    'x-ms-documentdb-query-iscontinuationexpected': 'REDACTED'
    'x-ms-consistency-level': 'REDACTED'
    'x-ms-session-token': 'REDACTED'
    'x-ms-date': 'REDACTED'
    'authorization': 'REDACTED'
    'Accept': 'application/json'
    'Content-Length': '0'
    'User-Agent': 'azsdk-python-cosmos/4.9.0 Python/3.12.4 (Windows-11-10.0.22631-SP0)'
No body was attached to the request
2025-06-14 09:57:47,214 - INFO - Response status: 200
Response headers:
    'Cache-Control': 'no-store, no-cache'
    'Pragma': 'no-cache'
    'Transfer-Encoding': 'chunked'
    'Content-Type': 'application/json'
    'Content-Location': 'REDACTED'
    'Server': 'Microsoft-HTTPAPI/2.0'
    'x-ms-max-media-storage-usage-mb': 'REDACTED'
    'x-ms-media-storage-usage-mb': 'REDACTED'
    'x-ms-databaseaccount-consumed-mb': 'REDACTED'
    'x-ms-databaseaccount-reserved-mb': 'REDACTED'
    'x-ms-databaseaccount-provisioned-mb': 'REDACTED'
    'Strict-Transport-Security': 'REDACTED'
    'x-ms-gatewayversion': 'REDACTED'
    'Date': 'Sat, 14 Jun 2025 04:27:46 GMT'
2025-06-14 09:57:47,215 - INFO - Request URL: 'https://likithasusi-southcentralus.documents.azure.com:443/dbs/cosmos_db/colls/users/docs/'
Request method: 'POST'
Request headers:
    'Cache-Control': 'no-cache'
    'x-ms-version': 'REDACTED'
    'x-ms-documentdb-query-iscontinuationexpected': 'REDACTED'
    'x-ms-consistency-level': 'REDACTED'
    'x-ms-documentdb-isquery': 'REDACTED'
    'Content-Type': 'application/query+json'
    'x-ms-session-token': 'REDACTED'
    'x-ms-documentdb-query-enablecrosspartition': 'REDACTED'
    'x-ms-date': 'REDACTED'
    'authorization': 'REDACTED'
    'Accept': 'application/json'
    'x-ms-cosmos-correlated-activityid': 'REDACTED'
    'Content-Length': '135'
    'User-Agent': 'azsdk-python-cosmos/4.9.0 Python/3.12.4 (Windows-11-10.0.22631-SP0)'
A body is sent with the request
2025-06-14 09:57:48,269 - INFO - Response status: 200
Response headers:
    'Cache-Control': 'no-store, no-cache'
    'Pragma': 'no-cache'
    'Transfer-Encoding': 'chunked'
    'Content-Type': 'application/json'
    'Server': 'Microsoft-HTTPAPI/2.0'
    'Strict-Transport-Security': 'REDACTED'
    'x-ms-activity-id': 'REDACTED'
    'x-ms-last-state-change-utc': 'REDACTED'
    'x-ms-resource-quota': 'REDACTED'
    'x-ms-resource-usage': 'REDACTED'
    'x-ms-schemaversion': 'REDACTED'
    'lsn': 'REDACTED'
    'x-ms-item-count': 'REDACTED'
    'x-ms-request-charge': 'REDACTED'
    'x-ms-alt-content-path': 'REDACTED'
    'x-ms-content-path': 'REDACTED'
    'x-ms-quorum-acked-lsn': 'REDACTED'
    'x-ms-current-write-quorum': 'REDACTED'
    'x-ms-current-replica-set-size': 'REDACTED'
    'x-ms-documentdb-partitionkeyrangeid': 'REDACTED'
    'x-ms-xp-role': 'REDACTED'
    'x-ms-cosmos-query-execution-info': 'REDACTED'
    'x-ms-global-Committed-lsn': 'REDACTED'
    'x-ms-number-of-read-regions': 'REDACTED'
    'x-ms-transport-request-id': 'REDACTED'
    'x-ms-cosmos-llsn': 'REDACTED'
    'x-ms-cosmos-quorum-acked-llsn': 'REDACTED'
    'x-ms-session-token': 'REDACTED'
    'x-ms-request-duration-ms': 'REDACTED'
    'x-ms-serviceversion': 'REDACTED'
    'x-ms-cosmos-is-partition-key-delete-pending': 'REDACTED'
    'x-ms-cosmos-physical-partition-id': 'REDACTED'
    'x-ms-cosmos-internal-partition-id': 'REDACTED'
    'x-ms-gatewayversion': 'REDACTED'
    'Date': 'Sat, 14 Jun 2025 04:27:47 GMT'
2025-06-14 09:57:48,280 - INFO - Request URL: 'https://virtualassistancestore.blob.core.windows.net/user1?restype=REDACTED&comp=REDACTED'
Request method: 'GET'
Request headers:
    'x-ms-version': 'REDACTED'
    'Accept': 'application/xml'
    'User-Agent': 'azsdk-python-storage-blob/12.25.1 Python/3.12.4 (Windows-11-10.0.22631-SP0)'
    'x-ms-date': 'REDACTED'
    'x-ms-client-request-id': 'ed2cdea6-48d7-11f0-a805-7c8ae19cb992'
    'Authorization': 'REDACTED'
No body was attached to the request
2025-06-14 09:57:49,595 - INFO - Response status: 200
Response headers:
    'Transfer-Encoding': 'chunked'
    'Content-Type': 'application/xml'
    'Server': 'Windows-Azure-Blob/1.0 Microsoft-HTTPAPI/2.0'
    'x-ms-request-id': 'bedfc0cc-101e-0033-3ce4-dcd585000000'
    'x-ms-client-request-id': 'ed2cdea6-48d7-11f0-a805-7c8ae19cb992'
    'x-ms-version': 'REDACTED'
    'Date': 'Sat, 14 Jun 2025 04:27:48 GMT'
2025-06-14 17:48:23,546 - INFO - Request URL: 'https://likithasusi.documents.azure.com:443/'
Request method: 'GET'
Request headers:
    'Cache-Control': 'no-cache'
    'x-ms-version': 'REDACTED'
    'x-ms-documentdb-query-iscontinuationexpected': 'REDACTED'
    'x-ms-date': 'REDACTED'
    'authorization': 'REDACTED'
    'Accept': 'application/json'
    'Content-Length': '0'
    'User-Agent': 'azsdk-python-cosmos/4.9.0 Python/3.12.4 (Windows-11-10.0.22631-SP0)'
No body was attached to the request
2025-06-14 17:48:24,786 - INFO - Response status: 200
Response headers:
    'Cache-Control': 'no-store, no-cache'
    'Pragma': 'no-cache'
    'Transfer-Encoding': 'chunked'
    'Content-Type': 'application/json'
    'Content-Location': 'REDACTED'
    'Server': 'Microsoft-HTTPAPI/2.0'
    'x-ms-max-media-storage-usage-mb': 'REDACTED'
    'x-ms-media-storage-usage-mb': 'REDACTED'
    'x-ms-databaseaccount-consumed-mb': 'REDACTED'
    'x-ms-databaseaccount-reserved-mb': 'REDACTED'
    'x-ms-databaseaccount-provisioned-mb': 'REDACTED'
    'Strict-Transport-Security': 'REDACTED'
    'x-ms-gatewayversion': 'REDACTED'
    'Date': 'Sat, 14 Jun 2025 12:18:24 GMT'
2025-06-14 17:49:28,613 - INFO - Request URL: 'https://likithasusi-southcentralus.documents.azure.com:443/dbs/cosmos_db/colls/users/docs/'
Request method: 'POST'
Request headers:
    'Cache-Control': 'no-cache'
    'x-ms-version': 'REDACTED'
    'x-ms-documentdb-query-iscontinuationexpected': 'REDACTED'
    'x-ms-consistency-level': 'REDACTED'
    'x-ms-documentdb-isquery': 'REDACTED'
    'Content-Type': 'application/query+json'
    'x-ms-session-token': 'REDACTED'
    'x-ms-documentdb-query-enablecrosspartition': 'REDACTED'
    'x-ms-date': 'REDACTED'
    'authorization': 'REDACTED'
    'Accept': 'application/json'
    'x-ms-cosmos-correlated-activityid': 'REDACTED'
    'Content-Length': '135'
    'User-Agent': 'azsdk-python-cosmos/4.9.0 Python/3.12.4 (Windows-11-10.0.22631-SP0)'
A body is sent with the request
2025-06-14 17:49:29,673 - INFO - Response status: 200
Response headers:
    'Cache-Control': 'no-store, no-cache'
    'Pragma': 'no-cache'
    'Transfer-Encoding': 'chunked'
    'Content-Type': 'application/json'
    'Server': 'Microsoft-HTTPAPI/2.0'
    'Strict-Transport-Security': 'REDACTED'
    'x-ms-activity-id': 'REDACTED'
    'x-ms-last-state-change-utc': 'REDACTED'
    'x-ms-resource-quota': 'REDACTED'
    'x-ms-resource-usage': 'REDACTED'
    'x-ms-schemaversion': 'REDACTED'
    'lsn': 'REDACTED'
    'x-ms-item-count': 'REDACTED'
    'x-ms-request-charge': 'REDACTED'
    'x-ms-alt-content-path': 'REDACTED'
    'x-ms-content-path': 'REDACTED'
    'x-ms-quorum-acked-lsn': 'REDACTED'
    'x-ms-current-write-quorum': 'REDACTED'
    'x-ms-current-replica-set-size': 'REDACTED'
    'x-ms-documentdb-partitionkeyrangeid': 'REDACTED'
    'x-ms-xp-role': 'REDACTED'
    'x-ms-cosmos-query-execution-info': 'REDACTED'
    'x-ms-global-Committed-lsn': 'REDACTED'
    'x-ms-number-of-read-regions': 'REDACTED'
    'x-ms-transport-request-id': 'REDACTED'
    'x-ms-cosmos-llsn': 'REDACTED'
    'x-ms-cosmos-quorum-acked-llsn': 'REDACTED'
    'x-ms-session-token': 'REDACTED'
    'x-ms-request-duration-ms': 'REDACTED'
    'x-ms-serviceversion': 'REDACTED'
    'x-ms-cosmos-is-partition-key-delete-pending': 'REDACTED'
    'x-ms-cosmos-physical-partition-id': 'REDACTED'
    'x-ms-cosmos-internal-partition-id': 'REDACTED'
    'x-ms-gatewayversion': 'REDACTED'
    'Date': 'Sat, 14 Jun 2025 12:19:29 GMT'
2025-06-14 17:49:29,683 - INFO - Request URL: 'https://virtualassistancestore.blob.core.windows.net/user1?restype=REDACTED&comp=REDACTED'
Request method: 'GET'
Request headers:
    'x-ms-version': 'REDACTED'
    'Accept': 'application/xml'
    'User-Agent': 'azsdk-python-storage-blob/12.25.1 Python/3.12.4 (Windows-11-10.0.22631-SP0)'
    'x-ms-date': 'REDACTED'
    'x-ms-client-request-id': 'd2206322-4919-11f0-ae6a-7c8ae19cb992'
    'Authorization': 'REDACTED'
No body was attached to the request
2025-06-14 17:49:31,153 - INFO - Response status: 200
Response headers:
    'Transfer-Encoding': 'chunked'
    'Content-Type': 'application/xml'
    'Server': 'Windows-Azure-Blob/1.0 Microsoft-HTTPAPI/2.0'
    'x-ms-request-id': '2298c0fc-201e-0081-1f26-dd2af4000000'
    'x-ms-client-request-id': 'd2206322-4919-11f0-ae6a-7c8ae19cb992'
    'x-ms-version': 'REDACTED'
    'Date': 'Sat, 14 Jun 2025 12:19:30 GMT'
2025-06-16 11:57:35,933 - INFO - Request URL: 'https://likithasusi.documents.azure.com:443/'
Request method: 'GET'
Request headers:
    'Cache-Control': 'no-cache'
    'x-ms-version': 'REDACTED'
    'x-ms-documentdb-query-iscontinuationexpected': 'REDACTED'
    'x-ms-date': 'REDACTED'
    'authorization': 'REDACTED'
    'Accept': 'application/json'
    'Content-Length': '0'
    'User-Agent': 'azsdk-python-cosmos/4.9.0 Python/3.12.4 (Windows-11-10.0.22631-SP0)'
No body was attached to the request
2025-06-16 11:57:37,425 - INFO - Response status: 200
Response headers:
    'Cache-Control': 'no-store, no-cache'
    'Pragma': 'no-cache'
    'Transfer-Encoding': 'chunked'
    'Content-Type': 'application/json'
    'Content-Location': 'REDACTED'
    'Server': 'Microsoft-HTTPAPI/2.0'
    'x-ms-max-media-storage-usage-mb': 'REDACTED'
    'x-ms-media-storage-usage-mb': 'REDACTED'
    'x-ms-databaseaccount-consumed-mb': 'REDACTED'
    'x-ms-databaseaccount-reserved-mb': 'REDACTED'
    'x-ms-databaseaccount-provisioned-mb': 'REDACTED'
    'Strict-Transport-Security': 'REDACTED'
    'x-ms-gatewayversion': 'REDACTED'
    'Date': 'Mon, 16 Jun 2025 06:27:36 GMT'
2025-06-16 11:57:59,515 - INFO -  Request received for user: rachel ong
2025-06-16 11:57:59,522 - INFO - Request URL: 'https://likithasusi-southcentralus.documents.azure.com:443/dbs/cosmos_db/colls/users/docs/'
Request method: 'POST'
Request headers:
    'Cache-Control': 'no-cache'
    'x-ms-version': 'REDACTED'
    'x-ms-documentdb-query-iscontinuationexpected': 'REDACTED'
    'x-ms-consistency-level': 'REDACTED'
    'x-ms-documentdb-isquery': 'REDACTED'
    'Content-Type': 'application/query+json'
    'x-ms-session-token': 'REDACTED'
    'x-ms-documentdb-query-enablecrosspartition': 'REDACTED'
    'x-ms-date': 'REDACTED'
    'authorization': 'REDACTED'
    'Accept': 'application/json'
    'x-ms-cosmos-correlated-activityid': 'REDACTED'
    'Content-Length': '135'
    'User-Agent': 'azsdk-python-cosmos/4.9.0 Python/3.12.4 (Windows-11-10.0.22631-SP0)'
A body is sent with the request
2025-06-16 11:58:00,645 - INFO - Response status: 200
Response headers:
    'Cache-Control': 'no-store, no-cache'
    'Pragma': 'no-cache'
    'Transfer-Encoding': 'chunked'
    'Content-Type': 'application/json'
    'Server': 'Microsoft-HTTPAPI/2.0'
    'Strict-Transport-Security': 'REDACTED'
    'x-ms-activity-id': 'REDACTED'
    'x-ms-last-state-change-utc': 'REDACTED'
    'x-ms-resource-quota': 'REDACTED'
    'x-ms-resource-usage': 'REDACTED'
    'x-ms-schemaversion': 'REDACTED'
    'lsn': 'REDACTED'
    'x-ms-item-count': 'REDACTED'
    'x-ms-request-charge': 'REDACTED'
    'x-ms-alt-content-path': 'REDACTED'
    'x-ms-content-path': 'REDACTED'
    'x-ms-quorum-acked-lsn': 'REDACTED'
    'x-ms-current-write-quorum': 'REDACTED'
    'x-ms-current-replica-set-size': 'REDACTED'
    'x-ms-documentdb-partitionkeyrangeid': 'REDACTED'
    'x-ms-xp-role': 'REDACTED'
    'x-ms-cosmos-query-execution-info': 'REDACTED'
    'x-ms-global-Committed-lsn': 'REDACTED'
    'x-ms-number-of-read-regions': 'REDACTED'
    'x-ms-transport-request-id': 'REDACTED'
    'x-ms-cosmos-llsn': 'REDACTED'
    'x-ms-cosmos-quorum-acked-llsn': 'REDACTED'
    'x-ms-session-token': 'REDACTED'
    'x-ms-request-duration-ms': 'REDACTED'
    'x-ms-serviceversion': 'REDACTED'
    'x-ms-cosmos-is-partition-key-delete-pending': 'REDACTED'
    'x-ms-cosmos-physical-partition-id': 'REDACTED'
    'x-ms-cosmos-internal-partition-id': 'REDACTED'
    'x-ms-gatewayversion': 'REDACTED'
    'Date': 'Mon, 16 Jun 2025 06:28:00 GMT'
2025-06-16 11:58:00,645 - INFO - Request URL: 'https://virtualassistancestore.blob.core.windows.net/user1?restype=REDACTED&comp=REDACTED'
Request method: 'GET'
Request headers:
    'x-ms-version': 'REDACTED'
    'Accept': 'application/xml'
    'User-Agent': 'azsdk-python-storage-blob/12.25.1 Python/3.12.4 (Windows-11-10.0.22631-SP0)'
    'x-ms-date': 'REDACTED'
    'x-ms-client-request-id': '0ce82079-4a7b-11f0-a7a6-7c8ae19cb992'
    'Authorization': 'REDACTED'
No body was attached to the request
2025-06-16 11:58:02,453 - INFO - Response status: 200
Response headers:
    'Transfer-Encoding': 'chunked'
    'Content-Type': 'application/xml'
    'Server': 'Windows-Azure-Blob/1.0 Microsoft-HTTPAPI/2.0'
    'x-ms-request-id': '7ba3820c-501e-001d-4d87-de8792000000'
    'x-ms-client-request-id': '0ce82079-4a7b-11f0-a7a6-7c8ae19cb992'
    'x-ms-version': 'REDACTED'
    'Date': 'Mon, 16 Jun 2025 06:28:01 GMT'
2025-06-16 11:58:02,481 - INFO -  Returning profile for user1 with 22 images
2025-06-16 15:35:37,968 - INFO - Request URL: 'https://likithasusi.documents.azure.com:443/'
Request method: 'GET'
Request headers:
    'Cache-Control': 'no-cache'
    'x-ms-version': 'REDACTED'
    'x-ms-documentdb-query-iscontinuationexpected': 'REDACTED'
    'x-ms-date': 'REDACTED'
    'authorization': 'REDACTED'
    'Accept': 'application/json'
    'Content-Length': '0'
    'User-Agent': 'azsdk-python-cosmos/4.9.0 Python/3.12.4 (Windows-11-10.0.22631-SP0)'
No body was attached to the request
2025-06-16 15:35:39,026 - INFO - Response status: 200
Response headers:
    'Cache-Control': 'no-store, no-cache'
    'Pragma': 'no-cache'
    'Transfer-Encoding': 'chunked'
    'Content-Type': 'application/json'
    'Content-Location': 'REDACTED'
    'Server': 'Microsoft-HTTPAPI/2.0'
    'x-ms-max-media-storage-usage-mb': 'REDACTED'
    'x-ms-media-storage-usage-mb': 'REDACTED'
    'x-ms-databaseaccount-consumed-mb': 'REDACTED'
    'x-ms-databaseaccount-reserved-mb': 'REDACTED'
    'x-ms-databaseaccount-provisioned-mb': 'REDACTED'
    'Strict-Transport-Security': 'REDACTED'
    'x-ms-gatewayversion': 'REDACTED'
    'Date': 'Mon, 16 Jun 2025 10:05:38 GMT'
2025-06-16 15:36:07,274 - INFO - Request received for user: rachel ong
2025-06-16 15:36:07,276 - INFO - Request URL: 'https://likithasusi-southcentralus.documents.azure.com:443/dbs/cosmos_db/colls/users/docs/'
Request method: 'POST'
Request headers:
    'Cache-Control': 'no-cache'
    'x-ms-version': 'REDACTED'
    'x-ms-documentdb-query-iscontinuationexpected': 'REDACTED'
    'x-ms-consistency-level': 'REDACTED'
    'x-ms-documentdb-isquery': 'REDACTED'
    'Content-Type': 'application/query+json'
    'x-ms-session-token': 'REDACTED'
    'x-ms-documentdb-query-enablecrosspartition': 'REDACTED'
    'x-ms-date': 'REDACTED'
    'authorization': 'REDACTED'
    'Accept': 'application/json'
    'x-ms-cosmos-correlated-activityid': 'REDACTED'
    'Content-Length': '218'
    'User-Agent': 'azsdk-python-cosmos/4.9.0 Python/3.12.4 (Windows-11-10.0.22631-SP0)'
A body is sent with the request
2025-06-16 15:36:08,406 - INFO - Response status: 200
Response headers:
    'Cache-Control': 'no-store, no-cache'
    'Pragma': 'no-cache'
    'Transfer-Encoding': 'chunked'
    'Content-Type': 'application/json'
    'Server': 'Microsoft-HTTPAPI/2.0'
    'Strict-Transport-Security': 'REDACTED'
    'x-ms-activity-id': 'REDACTED'
    'x-ms-last-state-change-utc': 'REDACTED'
    'x-ms-resource-quota': 'REDACTED'
    'x-ms-resource-usage': 'REDACTED'
    'x-ms-schemaversion': 'REDACTED'
    'lsn': 'REDACTED'
    'x-ms-item-count': 'REDACTED'
    'x-ms-request-charge': 'REDACTED'
    'x-ms-alt-content-path': 'REDACTED'
    'x-ms-content-path': 'REDACTED'
    'x-ms-documentdb-partitionkeyrangeid': 'REDACTED'
    'x-ms-xp-role': 'REDACTED'
    'x-ms-cosmos-query-execution-info': 'REDACTED'
    'x-ms-global-Committed-lsn': 'REDACTED'
    'x-ms-number-of-read-regions': 'REDACTED'
    'x-ms-transport-request-id': 'REDACTED'
    'x-ms-cosmos-llsn': 'REDACTED'
    'x-ms-session-token': 'REDACTED'
    'x-ms-request-duration-ms': 'REDACTED'
    'x-ms-serviceversion': 'REDACTED'
    'x-ms-cosmos-is-partition-key-delete-pending': 'REDACTED'
    'x-ms-cosmos-physical-partition-id': 'REDACTED'
    'x-ms-cosmos-internal-partition-id': 'REDACTED'
    'x-ms-gatewayversion': 'REDACTED'
    'Date': 'Mon, 16 Jun 2025 10:06:07 GMT'
2025-06-16 15:36:08,410 - WARNING - User not found: rachel ong
2025-06-16 17:32:21,098 - INFO - Request URL: 'https://likithasusi.documents.azure.com:443/'
Request method: 'GET'
Request headers:
    'Cache-Control': 'no-cache'
    'x-ms-version': 'REDACTED'
    'x-ms-documentdb-query-iscontinuationexpected': 'REDACTED'
    'x-ms-date': 'REDACTED'
    'authorization': 'REDACTED'
    'Accept': 'application/json'
    'Content-Length': '0'
    'User-Agent': 'azsdk-python-cosmos/4.9.0 Python/3.12.4 (Windows-11-10.0.22631-SP0)'
No body was attached to the request
2025-06-16 17:32:22,247 - INFO - Response status: 200
Response headers:
    'Cache-Control': 'no-store, no-cache'
    'Pragma': 'no-cache'
    'Transfer-Encoding': 'chunked'
    'Content-Type': 'application/json'
    'Content-Location': 'REDACTED'
    'Server': 'Microsoft-HTTPAPI/2.0'
    'x-ms-max-media-storage-usage-mb': 'REDACTED'
    'x-ms-media-storage-usage-mb': 'REDACTED'
    'x-ms-databaseaccount-consumed-mb': 'REDACTED'
    'x-ms-databaseaccount-reserved-mb': 'REDACTED'
    'x-ms-databaseaccount-provisioned-mb': 'REDACTED'
    'Strict-Transport-Security': 'REDACTED'
    'x-ms-gatewayversion': 'REDACTED'
    'Date': 'Mon, 16 Jun 2025 12:02:22 GMT'
2025-06-16 17:32:48,988 - INFO - Request URL: 'https://likithasusi-southcentralus.documents.azure.com:443/dbs/cosmos_db/colls/users/docs/'
Request method: 'POST'
Request headers:
    'Cache-Control': 'no-cache'
    'x-ms-version': 'REDACTED'
    'x-ms-documentdb-query-iscontinuationexpected': 'REDACTED'
    'x-ms-consistency-level': 'REDACTED'
    'x-ms-documentdb-isquery': 'REDACTED'
    'Content-Type': 'application/query+json'
    'x-ms-session-token': 'REDACTED'
    'x-ms-documentdb-query-enablecrosspartition': 'REDACTED'
    'x-ms-date': 'REDACTED'
    'authorization': 'REDACTED'
    'Accept': 'application/json'
    'x-ms-cosmos-correlated-activityid': 'REDACTED'
    'Content-Length': '135'
    'User-Agent': 'azsdk-python-cosmos/4.9.0 Python/3.12.4 (Windows-11-10.0.22631-SP0)'
A body is sent with the request
2025-06-16 17:32:50,302 - INFO - Response status: 200
Response headers:
    'Cache-Control': 'no-store, no-cache'
    'Pragma': 'no-cache'
    'Transfer-Encoding': 'chunked'
    'Content-Type': 'application/json'
    'Server': 'Microsoft-HTTPAPI/2.0'
    'Strict-Transport-Security': 'REDACTED'
    'x-ms-activity-id': 'REDACTED'
    'x-ms-last-state-change-utc': 'REDACTED'
    'x-ms-resource-quota': 'REDACTED'
    'x-ms-resource-usage': 'REDACTED'
    'x-ms-schemaversion': 'REDACTED'
    'lsn': 'REDACTED'
    'x-ms-item-count': 'REDACTED'
    'x-ms-request-charge': 'REDACTED'
    'x-ms-alt-content-path': 'REDACTED'
    'x-ms-content-path': 'REDACTED'
    'x-ms-documentdb-partitionkeyrangeid': 'REDACTED'
    'x-ms-xp-role': 'REDACTED'
    'x-ms-cosmos-query-execution-info': 'REDACTED'
    'x-ms-global-Committed-lsn': 'REDACTED'
    'x-ms-number-of-read-regions': 'REDACTED'
    'x-ms-transport-request-id': 'REDACTED'
    'x-ms-cosmos-llsn': 'REDACTED'
    'x-ms-session-token': 'REDACTED'
    'x-ms-request-duration-ms': 'REDACTED'
    'x-ms-serviceversion': 'REDACTED'
    'x-ms-cosmos-is-partition-key-delete-pending': 'REDACTED'
    'x-ms-cosmos-physical-partition-id': 'REDACTED'
    'x-ms-cosmos-internal-partition-id': 'REDACTED'
    'x-ms-gatewayversion': 'REDACTED'
    'Date': 'Mon, 16 Jun 2025 12:02:49 GMT'
2025-06-16 17:32:50,302 - INFO - Request URL: 'https://virtualassistancestore.blob.core.windows.net/user1?restype=REDACTED&comp=REDACTED'
Request method: 'GET'
Request headers:
    'x-ms-version': 'REDACTED'
    'Accept': 'application/xml'
    'User-Agent': 'azsdk-python-storage-blob/12.25.1 Python/3.12.4 (Windows-11-10.0.22631-SP0)'
    'x-ms-date': 'REDACTED'
    'x-ms-client-request-id': 'd3466bb8-4aa9-11f0-9771-7c8ae19cb992'
    'Authorization': 'REDACTED'
No body was attached to the request
2025-06-16 17:32:51,949 - INFO - Response status: 200
Response headers:
    'Transfer-Encoding': 'chunked'
    'Content-Type': 'application/xml'
    'Server': 'Windows-Azure-Blob/1.0 Microsoft-HTTPAPI/2.0'
    'x-ms-request-id': 'cc326dc1-b01e-0048-02b6-de9719000000'
    'x-ms-client-request-id': 'd3466bb8-4aa9-11f0-9771-7c8ae19cb992'
    'x-ms-version': 'REDACTED'
    'Date': 'Mon, 16 Jun 2025 12:02:50 GMT'
2025-06-16 18:29:35,131 - INFO - Request URL: 'https://likithasusi.documents.azure.com:443/'
Request method: 'GET'
Request headers:
    'Cache-Control': 'no-cache'
    'x-ms-version': 'REDACTED'
    'x-ms-documentdb-query-iscontinuationexpected': 'REDACTED'
    'x-ms-date': 'REDACTED'
    'authorization': 'REDACTED'
    'Accept': 'application/json'
    'Content-Length': '0'
    'User-Agent': 'azsdk-python-cosmos/4.9.0 Python/3.12.4 (Windows-11-10.0.22631-SP0)'
No body was attached to the request
2025-06-16 18:29:36,443 - INFO - Response status: 200
Response headers:
    'Cache-Control': 'no-store, no-cache'
    'Pragma': 'no-cache'
    'Transfer-Encoding': 'chunked'
    'Content-Type': 'application/json'
    'Content-Location': 'REDACTED'
    'Server': 'Microsoft-HTTPAPI/2.0'
    'x-ms-max-media-storage-usage-mb': 'REDACTED'
    'x-ms-media-storage-usage-mb': 'REDACTED'
    'x-ms-databaseaccount-consumed-mb': 'REDACTED'
    'x-ms-databaseaccount-reserved-mb': 'REDACTED'
    'x-ms-databaseaccount-provisioned-mb': 'REDACTED'
    'Strict-Transport-Security': 'REDACTED'
    'x-ms-gatewayversion': 'REDACTED'
    'Date': 'Mon, 16 Jun 2025 12:59:35 GMT'
2025-06-16 18:29:56,830 - INFO - Request URL: 'https://likithasusi-southcentralus.documents.azure.com:443/dbs/cosmos_db/colls/users/docs/'
Request method: 'POST'
Request headers:
    'Cache-Control': 'no-cache'
    'x-ms-version': 'REDACTED'
    'x-ms-documentdb-query-iscontinuationexpected': 'REDACTED'
    'x-ms-consistency-level': 'REDACTED'
    'x-ms-documentdb-isquery': 'REDACTED'
    'Content-Type': 'application/query+json'
    'x-ms-session-token': 'REDACTED'
    'x-ms-documentdb-query-enablecrosspartition': 'REDACTED'
    'x-ms-date': 'REDACTED'
    'authorization': 'REDACTED'
    'Accept': 'application/json'
    'x-ms-cosmos-correlated-activityid': 'REDACTED'
    'Content-Length': '135'
    'User-Agent': 'azsdk-python-cosmos/4.9.0 Python/3.12.4 (Windows-11-10.0.22631-SP0)'
A body is sent with the request
2025-06-16 18:29:58,185 - INFO - Response status: 200
Response headers:
    'Cache-Control': 'no-store, no-cache'
    'Pragma': 'no-cache'
    'Transfer-Encoding': 'chunked'
    'Content-Type': 'application/json'
    'Server': 'Microsoft-HTTPAPI/2.0'
    'Strict-Transport-Security': 'REDACTED'
    'x-ms-activity-id': 'REDACTED'
    'x-ms-last-state-change-utc': 'REDACTED'
    'x-ms-resource-quota': 'REDACTED'
    'x-ms-resource-usage': 'REDACTED'
    'x-ms-schemaversion': 'REDACTED'
    'lsn': 'REDACTED'
    'x-ms-item-count': 'REDACTED'
    'x-ms-request-charge': 'REDACTED'
    'x-ms-alt-content-path': 'REDACTED'
    'x-ms-content-path': 'REDACTED'
    'x-ms-documentdb-partitionkeyrangeid': 'REDACTED'
    'x-ms-xp-role': 'REDACTED'
    'x-ms-cosmos-query-execution-info': 'REDACTED'
    'x-ms-global-Committed-lsn': 'REDACTED'
    'x-ms-number-of-read-regions': 'REDACTED'
    'x-ms-transport-request-id': 'REDACTED'
    'x-ms-cosmos-llsn': 'REDACTED'
    'x-ms-session-token': 'REDACTED'
    'x-ms-request-duration-ms': 'REDACTED'
    'x-ms-serviceversion': 'REDACTED'
    'x-ms-cosmos-is-partition-key-delete-pending': 'REDACTED'
    'x-ms-cosmos-physical-partition-id': 'REDACTED'
    'x-ms-cosmos-internal-partition-id': 'REDACTED'
    'x-ms-gatewayversion': 'REDACTED'
    'Date': 'Mon, 16 Jun 2025 12:59:57 GMT'
2025-06-16 18:29:58,185 - INFO - Request URL: 'https://virtualassistancestore.blob.core.windows.net/user2?restype=REDACTED&comp=REDACTED'
Request method: 'GET'
Request headers:
    'x-ms-version': 'REDACTED'
    'Accept': 'application/xml'
    'User-Agent': 'azsdk-python-storage-blob/12.25.1 Python/3.12.4 (Windows-11-10.0.22631-SP0)'
    'x-ms-date': 'REDACTED'
    'x-ms-client-request-id': 'ce73d88d-4ab1-11f0-ae3c-7c8ae19cb992'
    'Authorization': 'REDACTED'
No body was attached to the request
2025-06-16 18:30:00,132 - INFO - Response status: 200
Response headers:
    'Transfer-Encoding': 'chunked'
    'Content-Type': 'application/xml'
    'Server': 'Windows-Azure-Blob/1.0 Microsoft-HTTPAPI/2.0'
    'x-ms-request-id': 'f9b5ff5f-d01e-004e-3cbe-dea4a6000000'
    'x-ms-client-request-id': 'ce73d88d-4ab1-11f0-ae3c-7c8ae19cb992'
    'x-ms-version': 'REDACTED'
    'Date': 'Mon, 16 Jun 2025 12:59:58 GMT'
2025-06-16 18:31:23,503 - INFO - Request URL: 'https://likithasusi-southcentralus.documents.azure.com:443/dbs/cosmos_db/colls/users/docs/'
Request method: 'POST'
Request headers:
    'Cache-Control': 'no-cache'
    'x-ms-version': 'REDACTED'
    'x-ms-documentdb-query-iscontinuationexpected': 'REDACTED'
    'x-ms-consistency-level': 'REDACTED'
    'x-ms-documentdb-isquery': 'REDACTED'
    'Content-Type': 'application/query+json'
    'x-ms-session-token': 'REDACTED'
    'x-ms-documentdb-query-enablecrosspartition': 'REDACTED'
    'x-ms-date': 'REDACTED'
    'authorization': 'REDACTED'
    'Accept': 'application/json'
    'x-ms-cosmos-correlated-activityid': 'REDACTED'
    'Content-Length': '136'
    'User-Agent': 'azsdk-python-cosmos/4.9.0 Python/3.12.4 (Windows-11-10.0.22631-SP0)'
A body is sent with the request
2025-06-16 18:31:23,788 - INFO - Response status: 200
Response headers:
    'Cache-Control': 'no-store, no-cache'
    'Pragma': 'no-cache'
    'Transfer-Encoding': 'chunked'
    'Content-Type': 'application/json'
    'Server': 'Microsoft-HTTPAPI/2.0'
    'Strict-Transport-Security': 'REDACTED'
    'x-ms-activity-id': 'REDACTED'
    'x-ms-last-state-change-utc': 'REDACTED'
    'x-ms-resource-quota': 'REDACTED'
    'x-ms-resource-usage': 'REDACTED'
    'x-ms-schemaversion': 'REDACTED'
    'lsn': 'REDACTED'
    'x-ms-item-count': 'REDACTED'
    'x-ms-request-charge': 'REDACTED'
    'x-ms-alt-content-path': 'REDACTED'
    'x-ms-content-path': 'REDACTED'
    'x-ms-quorum-acked-lsn': 'REDACTED'
    'x-ms-current-write-quorum': 'REDACTED'
    'x-ms-current-replica-set-size': 'REDACTED'
    'x-ms-documentdb-partitionkeyrangeid': 'REDACTED'
    'x-ms-xp-role': 'REDACTED'
    'x-ms-cosmos-query-execution-info': 'REDACTED'
    'x-ms-global-Committed-lsn': 'REDACTED'
    'x-ms-number-of-read-regions': 'REDACTED'
    'x-ms-transport-request-id': 'REDACTED'
    'x-ms-cosmos-llsn': 'REDACTED'
    'x-ms-cosmos-quorum-acked-llsn': 'REDACTED'
    'x-ms-session-token': 'REDACTED'
    'x-ms-request-duration-ms': 'REDACTED'
    'x-ms-serviceversion': 'REDACTED'
    'x-ms-cosmos-is-partition-key-delete-pending': 'REDACTED'
    'x-ms-cosmos-physical-partition-id': 'REDACTED'
    'x-ms-cosmos-internal-partition-id': 'REDACTED'
    'x-ms-gatewayversion': 'REDACTED'
    'Date': 'Mon, 16 Jun 2025 13:01:22 GMT'
2025-06-16 18:31:23,788 - INFO - Request URL: 'https://virtualassistancestore.blob.core.windows.net/user3?restype=REDACTED&comp=REDACTED'
Request method: 'GET'
Request headers:
    'x-ms-version': 'REDACTED'
    'Accept': 'application/xml'
    'User-Agent': 'azsdk-python-storage-blob/12.25.1 Python/3.12.4 (Windows-11-10.0.22631-SP0)'
    'x-ms-date': 'REDACTED'
    'x-ms-client-request-id': '0179efa3-4ab2-11f0-9baf-7c8ae19cb992'
    'Authorization': 'REDACTED'
No body was attached to the request
2025-06-16 18:31:24,288 - INFO - Response status: 200
Response headers:
    'Transfer-Encoding': 'chunked'
    'Content-Type': 'application/xml'
    'Server': 'Windows-Azure-Blob/1.0 Microsoft-HTTPAPI/2.0'
    'x-ms-request-id': 'f9b6d35f-d01e-004e-31be-dea4a6000000'
    'x-ms-client-request-id': '0179efa3-4ab2-11f0-9baf-7c8ae19cb992'
    'x-ms-version': 'REDACTED'
    'Date': 'Mon, 16 Jun 2025 13:01:23 GMT'
2025-06-18 22:19:25,311 - INFO - Request URL: 'https://likithasusi.documents.azure.com:443/'
Request method: 'GET'
Request headers:
    'Cache-Control': 'no-cache'
    'x-ms-version': 'REDACTED'
    'x-ms-documentdb-query-iscontinuationexpected': 'REDACTED'
    'x-ms-date': 'REDACTED'
    'authorization': 'REDACTED'
    'Accept': 'application/json'
    'Content-Length': '0'
    'User-Agent': 'azsdk-python-cosmos/4.9.0 Python/3.12.4 (Windows-11-10.0.22631-SP0)'
No body was attached to the request
2025-06-18 22:19:26,573 - INFO - Response status: 200
Response headers:
    'Cache-Control': 'no-store, no-cache'
    'Pragma': 'no-cache'
    'Transfer-Encoding': 'chunked'
    'Content-Type': 'application/json'
    'Content-Location': 'REDACTED'
    'Server': 'Microsoft-HTTPAPI/2.0'
    'x-ms-max-media-storage-usage-mb': 'REDACTED'
    'x-ms-media-storage-usage-mb': 'REDACTED'
    'x-ms-databaseaccount-consumed-mb': 'REDACTED'
    'x-ms-databaseaccount-reserved-mb': 'REDACTED'
    'x-ms-databaseaccount-provisioned-mb': 'REDACTED'
    'Strict-Transport-Security': 'REDACTED'
    'x-ms-gatewayversion': 'REDACTED'
    'Date': 'Wed, 18 Jun 2025 16:49:25 GMT'
2025-06-18 22:19:48,301 - INFO - Request URL: 'https://likithasusi-southcentralus.documents.azure.com:443/dbs/cosmos_db/colls/users/docs/'
Request method: 'POST'
Request headers:
    'Cache-Control': 'no-cache'
    'x-ms-version': 'REDACTED'
    'x-ms-documentdb-query-iscontinuationexpected': 'REDACTED'
    'x-ms-consistency-level': 'REDACTED'
    'x-ms-documentdb-isquery': 'REDACTED'
    'Content-Type': 'application/query+json'
    'x-ms-session-token': 'REDACTED'
    'x-ms-documentdb-query-enablecrosspartition': 'REDACTED'
    'x-ms-date': 'REDACTED'
    'authorization': 'REDACTED'
    'Accept': 'application/json'
    'x-ms-cosmos-correlated-activityid': 'REDACTED'
    'Content-Length': '135'
    'User-Agent': 'azsdk-python-cosmos/4.9.0 Python/3.12.4 (Windows-11-10.0.22631-SP0)'
A body is sent with the request
2025-06-18 22:19:49,745 - INFO - Response status: 200
Response headers:
    'Cache-Control': 'no-store, no-cache'
    'Pragma': 'no-cache'
    'Transfer-Encoding': 'chunked'
    'Content-Type': 'application/json'
    'Server': 'Microsoft-HTTPAPI/2.0'
    'Strict-Transport-Security': 'REDACTED'
    'x-ms-activity-id': 'REDACTED'
    'x-ms-last-state-change-utc': 'REDACTED'
    'x-ms-resource-quota': 'REDACTED'
    'x-ms-resource-usage': 'REDACTED'
    'x-ms-schemaversion': 'REDACTED'
    'lsn': 'REDACTED'
    'x-ms-item-count': 'REDACTED'
    'x-ms-request-charge': 'REDACTED'
    'x-ms-alt-content-path': 'REDACTED'
    'x-ms-content-path': 'REDACTED'
    'x-ms-documentdb-partitionkeyrangeid': 'REDACTED'
    'x-ms-xp-role': 'REDACTED'
    'x-ms-cosmos-query-execution-info': 'REDACTED'
    'x-ms-global-Committed-lsn': 'REDACTED'
    'x-ms-number-of-read-regions': 'REDACTED'
    'x-ms-transport-request-id': 'REDACTED'
    'x-ms-cosmos-llsn': 'REDACTED'
    'x-ms-session-token': 'REDACTED'
    'x-ms-request-duration-ms': 'REDACTED'
    'x-ms-serviceversion': 'REDACTED'
    'x-ms-cosmos-is-partition-key-delete-pending': 'REDACTED'
    'x-ms-cosmos-physical-partition-id': 'REDACTED'
    'x-ms-cosmos-internal-partition-id': 'REDACTED'
    'x-ms-gatewayversion': 'REDACTED'
    'Date': 'Wed, 18 Jun 2025 16:49:49 GMT'
2025-06-18 22:19:49,758 - INFO - Request URL: 'https://virtualassistancestore.blob.core.windows.net/user2?restype=REDACTED&comp=REDACTED'
Request method: 'GET'
Request headers:
    'x-ms-version': 'REDACTED'
    'Accept': 'application/xml'
    'User-Agent': 'azsdk-python-storage-blob/12.25.1 Python/3.12.4 (Windows-11-10.0.22631-SP0)'
    'x-ms-date': 'REDACTED'
    'x-ms-client-request-id': '3fb25ca3-4c64-11f0-8722-7c8ae19cb992'
    'Authorization': 'REDACTED'
No body was attached to the request
2025-06-18 22:19:51,382 - INFO - Response status: 200
Response headers:
    'Transfer-Encoding': 'chunked'
    'Content-Type': 'application/xml'
    'Server': 'Windows-Azure-Blob/1.0 Microsoft-HTTPAPI/2.0'
    'x-ms-request-id': '9badce24-101e-0023-1971-e010ed000000'
    'x-ms-client-request-id': '3fb25ca3-4c64-11f0-8722-7c8ae19cb992'
    'x-ms-version': 'REDACTED'
    'Date': 'Wed, 18 Jun 2025 16:49:49 GMT'
2025-06-18 22:23:40,065 - INFO - Request URL: 'https://likithasusi-southcentralus.documents.azure.com:443/dbs/cosmos_db/colls/users/docs/'
Request method: 'POST'
Request headers:
    'Cache-Control': 'no-cache'
    'x-ms-version': 'REDACTED'
    'x-ms-documentdb-query-iscontinuationexpected': 'REDACTED'
    'x-ms-consistency-level': 'REDACTED'
    'x-ms-documentdb-isquery': 'REDACTED'
    'Content-Type': 'application/query+json'
    'x-ms-session-token': 'REDACTED'
    'x-ms-documentdb-query-enablecrosspartition': 'REDACTED'
    'x-ms-date': 'REDACTED'
    'authorization': 'REDACTED'
    'Accept': 'application/json'
    'x-ms-cosmos-correlated-activityid': 'REDACTED'
    'Content-Length': '135'
    'User-Agent': 'azsdk-python-cosmos/4.9.0 Python/3.12.4 (Windows-11-10.0.22631-SP0)'
A body is sent with the request
2025-06-18 22:23:41,330 - INFO - Response status: 200
Response headers:
    'Cache-Control': 'no-store, no-cache'
    'Pragma': 'no-cache'
    'Transfer-Encoding': 'chunked'
    'Content-Type': 'application/json'
    'Server': 'Microsoft-HTTPAPI/2.0'
    'Strict-Transport-Security': 'REDACTED'
    'x-ms-activity-id': 'REDACTED'
    'x-ms-last-state-change-utc': 'REDACTED'
    'x-ms-resource-quota': 'REDACTED'
    'x-ms-resource-usage': 'REDACTED'
    'x-ms-schemaversion': 'REDACTED'
    'lsn': 'REDACTED'
    'x-ms-item-count': 'REDACTED'
    'x-ms-request-charge': 'REDACTED'
    'x-ms-alt-content-path': 'REDACTED'
    'x-ms-content-path': 'REDACTED'
    'x-ms-documentdb-partitionkeyrangeid': 'REDACTED'
    'x-ms-xp-role': 'REDACTED'
    'x-ms-cosmos-query-execution-info': 'REDACTED'
    'x-ms-global-Committed-lsn': 'REDACTED'
    'x-ms-number-of-read-regions': 'REDACTED'
    'x-ms-transport-request-id': 'REDACTED'
    'x-ms-cosmos-llsn': 'REDACTED'
    'x-ms-session-token': 'REDACTED'
    'x-ms-request-duration-ms': 'REDACTED'
    'x-ms-serviceversion': 'REDACTED'
    'x-ms-cosmos-is-partition-key-delete-pending': 'REDACTED'
    'x-ms-cosmos-physical-partition-id': 'REDACTED'
    'x-ms-cosmos-internal-partition-id': 'REDACTED'
    'x-ms-gatewayversion': 'REDACTED'
    'Date': 'Wed, 18 Jun 2025 16:53:40 GMT'
2025-06-18 22:23:41,335 - INFO - Request URL: 'https://virtualassistancestore.blob.core.windows.net/user1?restype=REDACTED&comp=REDACTED'
Request method: 'GET'
Request headers:
    'x-ms-version': 'REDACTED'
    'Accept': 'application/xml'
    'User-Agent': 'azsdk-python-storage-blob/12.25.1 Python/3.12.4 (Windows-11-10.0.22631-SP0)'
    'x-ms-date': 'REDACTED'
    'x-ms-client-request-id': 'c9ba4693-4c64-11f0-ab39-7c8ae19cb992'
    'Authorization': 'REDACTED'
No body was attached to the request
2025-06-18 22:23:42,937 - INFO - Response status: 200
Response headers:
    'Transfer-Encoding': 'chunked'
    'Content-Type': 'application/xml'
    'Server': 'Windows-Azure-Blob/1.0 Microsoft-HTTPAPI/2.0'
    'x-ms-request-id': 'e38c032d-101e-0051-5c71-e017a2000000'
    'x-ms-client-request-id': 'c9ba4693-4c64-11f0-ab39-7c8ae19cb992'
    'x-ms-version': 'REDACTED'
    'Date': 'Wed, 18 Jun 2025 16:53:41 GMT'
2025-06-18 23:22:06,004 - INFO - Request URL: 'https://likithasusi.documents.azure.com:443/'
Request method: 'GET'
Request headers:
    'Cache-Control': 'no-cache'
    'x-ms-version': 'REDACTED'
    'x-ms-documentdb-query-iscontinuationexpected': 'REDACTED'
    'x-ms-date': 'REDACTED'
    'authorization': 'REDACTED'
    'Accept': 'application/json'
    'Content-Length': '0'
    'User-Agent': 'azsdk-python-cosmos/4.9.0 Python/3.12.4 (Windows-11-10.0.22631-SP0)'
No body was attached to the request
2025-06-18 23:22:07,194 - INFO - Response status: 200
Response headers:
    'Cache-Control': 'no-store, no-cache'
    'Pragma': 'no-cache'
    'Transfer-Encoding': 'chunked'
    'Content-Type': 'application/json'
    'Content-Location': 'REDACTED'
    'Server': 'Microsoft-HTTPAPI/2.0'
    'x-ms-max-media-storage-usage-mb': 'REDACTED'
    'x-ms-media-storage-usage-mb': 'REDACTED'
    'x-ms-databaseaccount-consumed-mb': 'REDACTED'
    'x-ms-databaseaccount-reserved-mb': 'REDACTED'
    'x-ms-databaseaccount-provisioned-mb': 'REDACTED'
    'Strict-Transport-Security': 'REDACTED'
    'x-ms-gatewayversion': 'REDACTED'
    'Date': 'Wed, 18 Jun 2025 17:52:05 GMT'
2025-06-18 23:44:49,468 - INFO - Request URL: 'https://likithasusi.documents.azure.com:443/'
Request method: 'GET'
Request headers:
    'Cache-Control': 'no-cache'
    'x-ms-version': 'REDACTED'
    'x-ms-documentdb-query-iscontinuationexpected': 'REDACTED'
    'x-ms-date': 'REDACTED'
    'authorization': 'REDACTED'
    'Accept': 'application/json'
    'Content-Length': '0'
    'User-Agent': 'azsdk-python-cosmos/4.9.0 Python/3.12.4 (Windows-11-10.0.22631-SP0)'
No body was attached to the request
2025-06-18 23:44:51,871 - INFO - Response status: 200
Response headers:
    'Cache-Control': 'no-store, no-cache'
    'Pragma': 'no-cache'
    'Transfer-Encoding': 'chunked'
    'Content-Type': 'application/json'
    'Content-Location': 'REDACTED'
    'Server': 'Microsoft-HTTPAPI/2.0'
    'x-ms-max-media-storage-usage-mb': 'REDACTED'
    'x-ms-media-storage-usage-mb': 'REDACTED'
    'x-ms-databaseaccount-consumed-mb': 'REDACTED'
    'x-ms-databaseaccount-reserved-mb': 'REDACTED'
    'x-ms-databaseaccount-provisioned-mb': 'REDACTED'
    'Strict-Transport-Security': 'REDACTED'
    'x-ms-gatewayversion': 'REDACTED'
    'Date': 'Wed, 18 Jun 2025 18:14:50 GMT'
2025-06-18 23:46:17,447 - INFO - Request URL: 'https://likithasusi-southcentralus.documents.azure.com:443/dbs/cosmos_db/colls/users/docs/'
Request method: 'POST'
Request headers:
    'Cache-Control': 'no-cache'
    'x-ms-version': 'REDACTED'
    'x-ms-documentdb-query-iscontinuationexpected': 'REDACTED'
    'x-ms-consistency-level': 'REDACTED'
    'x-ms-documentdb-isquery': 'REDACTED'
    'Content-Type': 'application/query+json'
    'x-ms-session-token': 'REDACTED'
    'x-ms-documentdb-query-enablecrosspartition': 'REDACTED'
    'x-ms-date': 'REDACTED'
    'authorization': 'REDACTED'
    'Accept': 'application/json'
    'x-ms-cosmos-correlated-activityid': 'REDACTED'
    'Content-Length': '135'
    'User-Agent': 'azsdk-python-cosmos/4.9.0 Python/3.12.4 (Windows-11-10.0.22631-SP0)'
A body is sent with the request
2025-06-18 23:46:18,594 - INFO - Response status: 200
Response headers:
    'Cache-Control': 'no-store, no-cache'
    'Pragma': 'no-cache'
    'Transfer-Encoding': 'chunked'
    'Content-Type': 'application/json'
    'Server': 'Microsoft-HTTPAPI/2.0'
    'Strict-Transport-Security': 'REDACTED'
    'x-ms-activity-id': 'REDACTED'
    'x-ms-last-state-change-utc': 'REDACTED'
    'x-ms-resource-quota': 'REDACTED'
    'x-ms-resource-usage': 'REDACTED'
    'x-ms-schemaversion': 'REDACTED'
    'lsn': 'REDACTED'
    'x-ms-item-count': 'REDACTED'
    'x-ms-request-charge': 'REDACTED'
    'x-ms-alt-content-path': 'REDACTED'
    'x-ms-content-path': 'REDACTED'
    'x-ms-quorum-acked-lsn': 'REDACTED'
    'x-ms-current-write-quorum': 'REDACTED'
    'x-ms-current-replica-set-size': 'REDACTED'
    'x-ms-documentdb-partitionkeyrangeid': 'REDACTED'
    'x-ms-xp-role': 'REDACTED'
    'x-ms-cosmos-query-execution-info': 'REDACTED'
    'x-ms-global-Committed-lsn': 'REDACTED'
    'x-ms-number-of-read-regions': 'REDACTED'
    'x-ms-transport-request-id': 'REDACTED'
    'x-ms-cosmos-llsn': 'REDACTED'
    'x-ms-cosmos-quorum-acked-llsn': 'REDACTED'
    'x-ms-session-token': 'REDACTED'
    'x-ms-request-duration-ms': 'REDACTED'
    'x-ms-serviceversion': 'REDACTED'
    'x-ms-cosmos-is-partition-key-delete-pending': 'REDACTED'
    'x-ms-cosmos-physical-partition-id': 'REDACTED'
    'x-ms-cosmos-internal-partition-id': 'REDACTED'
    'x-ms-gatewayversion': 'REDACTED'
    'Date': 'Wed, 18 Jun 2025 18:16:17 GMT'
2025-06-18 23:46:18,614 - INFO - Request URL: 'https://likithasusi-southcentralus.documents.azure.com:443/dbs/cosmos_db/colls/wardrobe/docs/'
Request method: 'POST'
Request headers:
    'Cache-Control': 'no-cache'
    'x-ms-version': 'REDACTED'
    'x-ms-documentdb-query-iscontinuationexpected': 'REDACTED'
    'x-ms-consistency-level': 'REDACTED'
    'x-ms-documentdb-isquery': 'REDACTED'
    'Content-Type': 'application/query+json'
    'x-ms-session-token': 'REDACTED'
    'x-ms-documentdb-query-enablecrosspartition': 'REDACTED'
    'x-ms-date': 'REDACTED'
    'authorization': 'REDACTED'
    'Accept': 'application/json'
    'x-ms-cosmos-correlated-activityid': 'REDACTED'
    'Content-Length': '162'
    'User-Agent': 'azsdk-python-cosmos/4.9.0 Python/3.12.4 (Windows-11-10.0.22631-SP0)'
A body is sent with the request
2025-06-18 23:46:19,167 - INFO - Response status: 200
Response headers:
    'Cache-Control': 'no-store, no-cache'
    'Pragma': 'no-cache'
    'Transfer-Encoding': 'chunked'
    'Content-Type': 'application/json'
    'Server': 'Microsoft-HTTPAPI/2.0'
    'Strict-Transport-Security': 'REDACTED'
    'x-ms-activity-id': 'REDACTED'
    'x-ms-last-state-change-utc': 'REDACTED'
    'x-ms-resource-quota': 'REDACTED'
    'x-ms-resource-usage': 'REDACTED'
    'x-ms-schemaversion': 'REDACTED'
    'lsn': 'REDACTED'
    'x-ms-item-count': 'REDACTED'
    'x-ms-request-charge': 'REDACTED'
    'x-ms-alt-content-path': 'REDACTED'
    'x-ms-content-path': 'REDACTED'
    'x-ms-documentdb-partitionkeyrangeid': 'REDACTED'
    'x-ms-xp-role': 'REDACTED'
    'x-ms-cosmos-query-execution-info': 'REDACTED'
    'x-ms-global-Committed-lsn': 'REDACTED'
    'x-ms-number-of-read-regions': 'REDACTED'
    'x-ms-transport-request-id': 'REDACTED'
    'x-ms-cosmos-llsn': 'REDACTED'
    'x-ms-session-token': 'REDACTED'
    'x-ms-request-duration-ms': 'REDACTED'
    'x-ms-serviceversion': 'REDACTED'
    'x-ms-cosmos-is-partition-key-delete-pending': 'REDACTED'
    'x-ms-cosmos-physical-partition-id': 'REDACTED'
    'x-ms-cosmos-internal-partition-id': 'REDACTED'
    'x-ms-gatewayversion': 'REDACTED'
    'Date': 'Wed, 18 Jun 2025 18:16:17 GMT'
2025-06-19 00:02:11,593 - INFO - Request URL: 'https://likithasusi.documents.azure.com:443/'
Request method: 'GET'
Request headers:
    'Cache-Control': 'no-cache'
    'x-ms-version': 'REDACTED'
    'x-ms-documentdb-query-iscontinuationexpected': 'REDACTED'
    'x-ms-date': 'REDACTED'
    'authorization': 'REDACTED'
    'Accept': 'application/json'
    'Content-Length': '0'
    'User-Agent': 'azsdk-python-cosmos/4.9.0 Python/3.12.4 (Windows-11-10.0.22631-SP0)'
No body was attached to the request
2025-06-19 00:02:12,730 - INFO - Response status: 200
Response headers:
    'Cache-Control': 'no-store, no-cache'
    'Pragma': 'no-cache'
    'Transfer-Encoding': 'chunked'
    'Content-Type': 'application/json'
    'Content-Location': 'REDACTED'
    'Server': 'Microsoft-HTTPAPI/2.0'
    'x-ms-max-media-storage-usage-mb': 'REDACTED'
    'x-ms-media-storage-usage-mb': 'REDACTED'
    'x-ms-databaseaccount-consumed-mb': 'REDACTED'
    'x-ms-databaseaccount-reserved-mb': 'REDACTED'
    'x-ms-databaseaccount-provisioned-mb': 'REDACTED'
    'Strict-Transport-Security': 'REDACTED'
    'x-ms-gatewayversion': 'REDACTED'
    'Date': 'Wed, 18 Jun 2025 18:32:11 GMT'
2025-06-19 00:02:47,697 - INFO - Request URL: 'https://likithasusi-southcentralus.documents.azure.com:443/dbs/cosmos_db/colls/users/docs/'
Request method: 'POST'
Request headers:
    'Cache-Control': 'no-cache'
    'x-ms-version': 'REDACTED'
    'x-ms-documentdb-query-iscontinuationexpected': 'REDACTED'
    'x-ms-consistency-level': 'REDACTED'
    'x-ms-documentdb-isquery': 'REDACTED'
    'Content-Type': 'application/query+json'
    'x-ms-session-token': 'REDACTED'
    'x-ms-documentdb-query-enablecrosspartition': 'REDACTED'
    'x-ms-date': 'REDACTED'
    'authorization': 'REDACTED'
    'Accept': 'application/json'
    'x-ms-cosmos-correlated-activityid': 'REDACTED'
    'Content-Length': '135'
    'User-Agent': 'azsdk-python-cosmos/4.9.0 Python/3.12.4 (Windows-11-10.0.22631-SP0)'
A body is sent with the request
2025-06-19 00:02:48,844 - INFO - Response status: 200
Response headers:
    'Cache-Control': 'no-store, no-cache'
    'Pragma': 'no-cache'
    'Transfer-Encoding': 'chunked'
    'Content-Type': 'application/json'
    'Server': 'Microsoft-HTTPAPI/2.0'
    'Strict-Transport-Security': 'REDACTED'
    'x-ms-activity-id': 'REDACTED'
    'x-ms-last-state-change-utc': 'REDACTED'
    'x-ms-resource-quota': 'REDACTED'
    'x-ms-resource-usage': 'REDACTED'
    'x-ms-schemaversion': 'REDACTED'
    'lsn': 'REDACTED'
    'x-ms-item-count': 'REDACTED'
    'x-ms-request-charge': 'REDACTED'
    'x-ms-alt-content-path': 'REDACTED'
    'x-ms-content-path': 'REDACTED'
    'x-ms-documentdb-partitionkeyrangeid': 'REDACTED'
    'x-ms-xp-role': 'REDACTED'
    'x-ms-cosmos-query-execution-info': 'REDACTED'
    'x-ms-global-Committed-lsn': 'REDACTED'
    'x-ms-number-of-read-regions': 'REDACTED'
    'x-ms-transport-request-id': 'REDACTED'
    'x-ms-cosmos-llsn': 'REDACTED'
    'x-ms-session-token': 'REDACTED'
    'x-ms-request-duration-ms': 'REDACTED'
    'x-ms-serviceversion': 'REDACTED'
    'x-ms-cosmos-is-partition-key-delete-pending': 'REDACTED'
    'x-ms-cosmos-physical-partition-id': 'REDACTED'
    'x-ms-cosmos-internal-partition-id': 'REDACTED'
    'x-ms-gatewayversion': 'REDACTED'
    'Date': 'Wed, 18 Jun 2025 18:32:47 GMT'
2025-06-19 00:02:48,914 - INFO - Request URL: 'https://likithasusi-southcentralus.documents.azure.com:443/dbs/cosmos_db/colls/wardrobe/docs/'
Request method: 'POST'
Request headers:
    'Cache-Control': 'no-cache'
    'x-ms-version': 'REDACTED'
    'x-ms-documentdb-query-iscontinuationexpected': 'REDACTED'
    'x-ms-consistency-level': 'REDACTED'
    'x-ms-documentdb-isquery': 'REDACTED'
    'Content-Type': 'application/query+json'
    'x-ms-session-token': 'REDACTED'
    'x-ms-documentdb-query-enablecrosspartition': 'REDACTED'
    'x-ms-date': 'REDACTED'
    'authorization': 'REDACTED'
    'Accept': 'application/json'
    'x-ms-cosmos-correlated-activityid': 'REDACTED'
    'Content-Length': '162'
    'User-Agent': 'azsdk-python-cosmos/4.9.0 Python/3.12.4 (Windows-11-10.0.22631-SP0)'
A body is sent with the request
2025-06-19 00:02:49,466 - INFO - Response status: 200
Response headers:
    'Cache-Control': 'no-store, no-cache'
    'Pragma': 'no-cache'
    'Transfer-Encoding': 'chunked'
    'Content-Type': 'application/json'
    'Server': 'Microsoft-HTTPAPI/2.0'
    'Strict-Transport-Security': 'REDACTED'
    'x-ms-activity-id': 'REDACTED'
    'x-ms-last-state-change-utc': 'REDACTED'
    'x-ms-resource-quota': 'REDACTED'
    'x-ms-resource-usage': 'REDACTED'
    'x-ms-schemaversion': 'REDACTED'
    'lsn': 'REDACTED'
    'x-ms-item-count': 'REDACTED'
    'x-ms-request-charge': 'REDACTED'
    'x-ms-alt-content-path': 'REDACTED'
    'x-ms-content-path': 'REDACTED'
    'x-ms-documentdb-partitionkeyrangeid': 'REDACTED'
    'x-ms-xp-role': 'REDACTED'
    'x-ms-cosmos-query-execution-info': 'REDACTED'
    'x-ms-global-Committed-lsn': 'REDACTED'
    'x-ms-number-of-read-regions': 'REDACTED'
    'x-ms-transport-request-id': 'REDACTED'
    'x-ms-cosmos-llsn': 'REDACTED'
    'x-ms-session-token': 'REDACTED'
    'x-ms-request-duration-ms': 'REDACTED'
    'x-ms-serviceversion': 'REDACTED'
    'x-ms-cosmos-is-partition-key-delete-pending': 'REDACTED'
    'x-ms-cosmos-physical-partition-id': 'REDACTED'
    'x-ms-cosmos-internal-partition-id': 'REDACTED'
    'x-ms-gatewayversion': 'REDACTED'
    'Date': 'Wed, 18 Jun 2025 18:32:48 GMT'
