2025-06-24 07:05:11,045 - INFO - Request URL: 'https://likithasusi.documents.azure.com:443/'
Request method: 'GET'
Request headers:
    'Cache-Control': 'no-cache'
    'x-ms-version': 'REDACTED'
    'x-ms-documentdb-query-iscontinuationexpected': 'REDACTED'
    'x-ms-date': 'REDACTED'
    'authorization': 'REDACTED'
    'Accept': 'application/json'
    'Content-Length': '0'
    'User-Agent': 'azsdk-python-cosmos/4.9.0 Python/3.12.4 (Windows-11-10.0.22631-SP0)'
No body was attached to the request
2025-06-24 07:05:12,044 - INFO - Response status: 200
Response headers:
    'Cache-Control': 'no-store, no-cache'
    'Pragma': 'no-cache'
    'Transfer-Encoding': 'chunked'
    'Content-Type': 'application/json'
    'Content-Location': 'REDACTED'
    'Server': 'Microsoft-HTTPAPI/2.0'
    'x-ms-max-media-storage-usage-mb': 'REDACTED'
    'x-ms-media-storage-usage-mb': 'REDACTED'
    'x-ms-databaseaccount-consumed-mb': 'REDACTED'
    'x-ms-databaseaccount-reserved-mb': 'REDACTED'
    'x-ms-databaseaccount-provisioned-mb': 'REDACTED'
    'Strict-Transport-Security': 'REDACTED'
    'x-ms-gatewayversion': 'REDACTED'
    'Date': 'Tue, 24 Jun 2025 01:35:12 GMT'
2025-06-24 07:05:29,998 - INFO - Request URL: 'https://likithasusi.documents.azure.com:443/'
Request method: 'GET'
Request headers:
    'Cache-Control': 'no-cache'
    'x-ms-version': 'REDACTED'
    'x-ms-documentdb-query-iscontinuationexpected': 'REDACTED'
    'x-ms-date': 'REDACTED'
    'authorization': 'REDACTED'
    'Accept': 'application/json'
    'Content-Length': '0'
    'User-Agent': 'azsdk-python-cosmos/4.9.0 Python/3.12.4 (Windows-11-10.0.22631-SP0)'
No body was attached to the request
2025-06-24 07:05:30,972 - INFO - Response status: 200
Response headers:
    'Cache-Control': 'no-store, no-cache'
    'Pragma': 'no-cache'
    'Transfer-Encoding': 'chunked'
    'Content-Type': 'application/json'
    'Content-Location': 'REDACTED'
    'Server': 'Microsoft-HTTPAPI/2.0'
    'x-ms-max-media-storage-usage-mb': 'REDACTED'
    'x-ms-media-storage-usage-mb': 'REDACTED'
    'x-ms-databaseaccount-consumed-mb': 'REDACTED'
    'x-ms-databaseaccount-reserved-mb': 'REDACTED'
    'x-ms-databaseaccount-provisioned-mb': 'REDACTED'
    'Strict-Transport-Security': 'REDACTED'
    'x-ms-gatewayversion': 'REDACTED'
    'Date': 'Tue, 24 Jun 2025 01:35:31 GMT'
2025-06-24 07:06:19,017 - INFO - Request URL: 'https://likithasusi.documents.azure.com:443/'
Request method: 'GET'
Request headers:
    'Cache-Control': 'no-cache'
    'x-ms-version': 'REDACTED'
    'x-ms-documentdb-query-iscontinuationexpected': 'REDACTED'
    'x-ms-date': 'REDACTED'
    'authorization': 'REDACTED'
    'Accept': 'application/json'
    'Content-Length': '0'
    'User-Agent': 'azsdk-python-cosmos/4.9.0 Python/3.12.4 (Windows-11-10.0.22631-SP0)'
No body was attached to the request
2025-06-24 07:06:19,985 - INFO - Response status: 200
Response headers:
    'Cache-Control': 'no-store, no-cache'
    'Pragma': 'no-cache'
    'Transfer-Encoding': 'chunked'
    'Content-Type': 'application/json'
    'Content-Location': 'REDACTED'
    'Server': 'Microsoft-HTTPAPI/2.0'
    'x-ms-max-media-storage-usage-mb': 'REDACTED'
    'x-ms-media-storage-usage-mb': 'REDACTED'
    'x-ms-databaseaccount-consumed-mb': 'REDACTED'
    'x-ms-databaseaccount-reserved-mb': 'REDACTED'
    'x-ms-databaseaccount-provisioned-mb': 'REDACTED'
    'Strict-Transport-Security': 'REDACTED'
    'x-ms-gatewayversion': 'REDACTED'
    'Date': 'Tue, 24 Jun 2025 01:36:20 GMT'
2025-06-24 07:09:24,599 - INFO - Request URL: 'https://likithasusi.documents.azure.com:443/'
Request method: 'GET'
Request headers:
    'Cache-Control': 'no-cache'
    'x-ms-version': 'REDACTED'
    'x-ms-documentdb-query-iscontinuationexpected': 'REDACTED'
    'x-ms-date': 'REDACTED'
    'authorization': 'REDACTED'
    'Accept': 'application/json'
    'Content-Length': '0'
    'User-Agent': 'azsdk-python-cosmos/4.9.0 Python/3.12.4 (Windows-11-10.0.22631-SP0)'
No body was attached to the request
2025-06-24 07:09:25,601 - INFO - Response status: 200
Response headers:
    'Cache-Control': 'no-store, no-cache'
    'Pragma': 'no-cache'
    'Transfer-Encoding': 'chunked'
    'Content-Type': 'application/json'
    'Content-Location': 'REDACTED'
    'Server': 'Microsoft-HTTPAPI/2.0'
    'x-ms-max-media-storage-usage-mb': 'REDACTED'
    'x-ms-media-storage-usage-mb': 'REDACTED'
    'x-ms-databaseaccount-consumed-mb': 'REDACTED'
    'x-ms-databaseaccount-reserved-mb': 'REDACTED'
    'x-ms-databaseaccount-provisioned-mb': 'REDACTED'
    'Strict-Transport-Security': 'REDACTED'
    'x-ms-gatewayversion': 'REDACTED'
    'Date': 'Tue, 24 Jun 2025 01:39:25 GMT'
2025-06-24 07:10:03,912 - INFO - Request URL: 'https://likithasusi-southcentralus.documents.azure.com:443/dbs/cosmos_db/colls/users/docs/'
Request method: 'POST'
Request headers:
    'Cache-Control': 'no-cache'
    'x-ms-version': 'REDACTED'
    'x-ms-documentdb-query-iscontinuationexpected': 'REDACTED'
    'x-ms-consistency-level': 'REDACTED'
    'x-ms-documentdb-isquery': 'REDACTED'
    'Content-Type': 'application/query+json'
    'x-ms-session-token': 'REDACTED'
    'x-ms-documentdb-query-enablecrosspartition': 'REDACTED'
    'x-ms-date': 'REDACTED'
    'authorization': 'REDACTED'
    'Accept': 'application/json'
    'x-ms-cosmos-correlated-activityid': 'REDACTED'
    'Content-Length': '182'
    'User-Agent': 'azsdk-python-cosmos/4.9.0 Python/3.12.4 (Windows-11-10.0.22631-SP0)'
A body is sent with the request
2025-06-24 07:10:04,990 - INFO - Response status: 200
Response headers:
    'Cache-Control': 'no-store, no-cache'
    'Pragma': 'no-cache'
    'Transfer-Encoding': 'chunked'
    'Content-Type': 'application/json'
    'Server': 'Microsoft-HTTPAPI/2.0'
    'Strict-Transport-Security': 'REDACTED'
    'x-ms-activity-id': 'REDACTED'
    'x-ms-last-state-change-utc': 'REDACTED'
    'x-ms-resource-quota': 'REDACTED'
    'x-ms-resource-usage': 'REDACTED'
    'x-ms-schemaversion': 'REDACTED'
    'lsn': 'REDACTED'
    'x-ms-item-count': 'REDACTED'
    'x-ms-request-charge': 'REDACTED'
    'x-ms-alt-content-path': 'REDACTED'
    'x-ms-content-path': 'REDACTED'
    'x-ms-quorum-acked-lsn': 'REDACTED'
    'x-ms-current-write-quorum': 'REDACTED'
    'x-ms-current-replica-set-size': 'REDACTED'
    'x-ms-documentdb-partitionkeyrangeid': 'REDACTED'
    'x-ms-xp-role': 'REDACTED'
    'x-ms-cosmos-query-execution-info': 'REDACTED'
    'x-ms-global-Committed-lsn': 'REDACTED'
    'x-ms-number-of-read-regions': 'REDACTED'
    'x-ms-transport-request-id': 'REDACTED'
    'x-ms-cosmos-llsn': 'REDACTED'
    'x-ms-cosmos-quorum-acked-llsn': 'REDACTED'
    'x-ms-session-token': 'REDACTED'
    'x-ms-request-duration-ms': 'REDACTED'
    'x-ms-serviceversion': 'REDACTED'
    'x-ms-cosmos-is-partition-key-delete-pending': 'REDACTED'
    'x-ms-cosmos-physical-partition-id': 'REDACTED'
    'x-ms-cosmos-internal-partition-id': 'REDACTED'
    'x-ms-gatewayversion': 'REDACTED'
    'Date': 'Tue, 24 Jun 2025 01:40:04 GMT'
2025-06-24 07:10:04,990 - ERROR - Error in get_user_profile
Traceback (most recent call last):
  File "C:\Users\likit\virtual-assistant\fetch_wardrobe\main.py", line 65, in get_user_profile
    raise HTTPException(status_code=404, detail="User not found.")
fastapi.exceptions.HTTPException: 404: User not found.
